2025-10-01 11:02:14,055 - src.extract.statsbomb_data - INFO - Fetching StatsBomb event data for competition 55 and season 282
2025-10-01 11:02:14,330 - src.extract.statsbomb_data - INFO - Found 51 match ids
2025-10-01 11:02:14,331 - src.extract.statsbomb_data - INFO - Match ids: [3942819, 3943043, 3942752, 3942382, 3942349, 3930180, 3930171, 3942227, 3942226, 3938645, 3930184, 3941022, 3941021, 3941020, 3941019, 3941018, 3941017, 3930182, 3930179, 3940983, 3940878, 3930177, 3930173, 3930172, 3930167, 3930168, 3930165, 3930164, 3930161, 3938637, 3938640, 3938642, 3938639, 3938641, 3938644, 3938643, 3938638, 3930183, 3930181, 3930178, 3930176, 3930175, 3930174, 3930170, 3930169, 3930166, 3930163, 3930162, 3930160, 3930159, 3930158]
2025-10-01 11:03:57,734 - src.extract.statsbomb_data - INFO - Found 75 competitions
2025-10-01 11:03:57,741 - src.extract.statsbomb_data - INFO - Competitions:     competition_id  season_id   country_name        competition_name  \
0                9        281        Germany           1. Bundesliga   
1                9         27        Germany           1. Bundesliga   
2             1267        107         Africa  African Cup of Nations   
3               16          4         Europe        Champions League   
4               16          1         Europe        Champions League   
..             ...        ...            ...                     ...   
70              35         75         Europe      UEFA Europa League   
71              53        315         Europe       UEFA Women's Euro   
72              53        106         Europe       UEFA Women's Euro   
73              72        107  International       Women's World Cup   
74              72         30  International       Women's World Cup   

   competition_gender  competition_youth  competition_international  \
0                male              False                      False   
1                male              False                      False   
2                male              False                       True   
3                male              False                      False   
4                male              False                      False   
..                ...                ...                        ...   
70               male              False                      False   
71             female              False                       True   
72             female              False                       True   
73             female              False                       True   
74             female              False                       True   

   season_name               match_updated           match_updated_360  \
0    2023/2024  2024-09-28T20:46:38.893391  2025-07-06T04:26:07.636270   
1    2015/2016  2024-05-19T11:11:14.192381                        None   
2         2023  2024-09-28T01:57:35.846538                        None   
3    2018/2019  2025-05-08T15:10:50.835274     2021-06-13T16:17:31.694   
4    2017/2018  2024-02-13T02:35:28.134882     2021-06-13T16:17:31.694   
..         ...                         ...                         ...   
70   1988/1989  2024-02-12T14:45:05.702250     2021-06-13T16:17:31.694   
71        2025  2025-07-28T14:19:20.467348  2025-07-29T16:03:07.355174   
72        2022  2024-02-13T13:27:17.178263  2024-02-13T13:30:52.820588   
73        2023  2025-07-14T10:07:06.620906  2025-07-14T10:10:27.224586   
74        2019  2024-08-08T15:57:56.748740     2021-06-13T16:17:31.694   

           match_available_360             match_available  
0   2025-07-06T04:26:07.636270  2024-09-28T20:46:38.893391  
1                         None  2024-05-19T11:11:14.192381  
2                         None  2024-09-28T01:57:35.846538  
3                         None  2025-05-08T15:10:50.835274  
4                         None  2024-02-13T02:35:28.134882  
..                         ...                         ...  
70                        None  2024-02-12T14:45:05.702250  
71  2025-07-29T16:03:07.355174  2025-07-28T14:19:20.467348  
72  2024-02-13T13:30:52.820588  2024-02-13T13:27:17.178263  
73  2025-07-14T10:10:27.224586  2025-07-14T10:07:06.620906  
74                        None  2024-08-08T15:57:56.748740  

[75 rows x 12 columns]
2025-10-01 11:03:57,741 - src.extract.statsbomb_data - INFO - Fetching StatsBomb event data for competition 55 and season 282
2025-10-01 11:03:57,825 - src.extract.statsbomb_data - INFO - Found 51 match ids
2025-10-01 11:03:57,826 - src.extract.statsbomb_data - INFO - Match ids: [3942819, 3943043, 3942752, 3942382, 3942349, 3930180, 3930171, 3942227, 3942226, 3938645, 3930184, 3941022, 3941021, 3941020, 3941019, 3941018, 3941017, 3930182, 3930179, 3940983, 3940878, 3930177, 3930173, 3930172, 3930167, 3930168, 3930165, 3930164, 3930161, 3938637, 3938640, 3938642, 3938639, 3938641, 3938644, 3938643, 3938638, 3930183, 3930181, 3930178, 3930176, 3930175, 3930174, 3930170, 3930169, 3930166, 3930163, 3930162, 3930160, 3930159, 3930158]
2025-10-01 11:04:38,238 - src.extract.statsbomb_data - INFO - Found 75 competitions
2025-10-01 11:04:38,239 - src.extract.statsbomb_data - INFO - Fetching StatsBomb event data for competition 55 and season 282
2025-10-01 11:04:38,332 - src.extract.statsbomb_data - INFO - Found 51 match ids
2025-10-01 11:04:38,333 - src.extract.statsbomb_data - INFO - Match ids: [3942819, 3943043, 3942752, 3942382, 3942349, 3930180, 3930171, 3942227, 3942226, 3938645, 3930184, 3941022, 3941021, 3941020, 3941019, 3941018, 3941017, 3930182, 3930179, 3940983, 3940878, 3930177, 3930173, 3930172, 3930167, 3930168, 3930165, 3930164, 3930161, 3938637, 3938640, 3938642, 3938639, 3938641, 3938644, 3938643, 3938638, 3930183, 3930181, 3930178, 3930176, 3930175, 3930174, 3930170, 3930169, 3930166, 3930163, 3930162, 3930160, 3930159, 3930158]
2025-10-01 11:09:33,763 - src.extract.statsbomb_data - INFO - Found 75 competitions
2025-10-01 11:10:42,288 - src.extract.statsbomb_data - INFO - Found 75 competitions
2025-10-01 11:11:21,124 - src.extract.statsbomb_data - INFO - Found 75 competitions
2025-10-01 11:12:03,094 - src.extract.statsbomb_data - INFO - Found 75 competitions
2025-10-01 11:12:03,101 - src.extract.statsbomb_data - INFO - Euro:     competition_id  season_id country_name competition_name  \
68              55        282       Europe        UEFA Euro   

   competition_gender  competition_youth  competition_international  \
68               male              False                       True   

   season_name               match_updated           match_updated_360  \
68        2024  2024-09-28T16:51:20.698794  2025-03-24T14:12:30.785094   

           match_available_360             match_available  
68  2025-03-24T14:12:30.785094  2024-09-28T16:51:20.698794  
2025-10-01 11:14:09,760 - src.extract.statsbomb_data - INFO - Found 75 competitions
2025-10-01 11:14:09,765 - src.extract.statsbomb_data - INFO - Euro:     competition_id  season_id country_name competition_name  \
68              55        282       Europe        UEFA Euro   

   competition_gender  competition_youth  competition_international  \
68               male              False                       True   

   season_name               match_updated           match_updated_360  \
68        2024  2024-09-28T16:51:20.698794  2025-03-24T14:12:30.785094   

           match_available_360             match_available  
68  2025-03-24T14:12:30.785094  2024-09-28T16:51:20.698794  
2025-10-01 11:14:09,767 - src.extract.statsbomb_data - INFO - Euro country name: Europe
2025-10-01 11:14:09,769 - src.extract.statsbomb_data - INFO - Euro competition name: UEFA Euro
2025-10-01 11:14:09,771 - src.extract.statsbomb_data - INFO - Euro season name: 2024
2025-10-01 11:14:09,774 - src.extract.statsbomb_data - INFO - Euro competition gender: male
2025-10-01 11:14:44,996 - src.extract.statsbomb_data - INFO - Found 75 competitions
2025-10-01 11:14:45,002 - src.extract.statsbomb_data - INFO - Euro:     competition_id  season_id country_name competition_name  \
68              55        282       Europe        UEFA Euro   

   competition_gender  competition_youth  competition_international  \
68               male              False                       True   

   season_name               match_updated           match_updated_360  \
68        2024  2024-09-28T16:51:20.698794  2025-03-24T14:12:30.785094   

           match_available_360             match_available  
68  2025-03-24T14:12:30.785094  2024-09-28T16:51:20.698794  
2025-10-01 11:14:45,003 - src.extract.statsbomb_data - INFO - Euro country name: Europe
2025-10-01 11:14:45,004 - src.extract.statsbomb_data - INFO - Euro competition name: UEFA Euro
2025-10-01 11:14:45,005 - src.extract.statsbomb_data - INFO - Euro season name: 2024
2025-10-01 11:14:45,006 - src.extract.statsbomb_data - INFO - Euro competition gender: male
2025-10-01 11:14:57,928 - src.extract.statsbomb_data - INFO - Fetching StatsBomb event data for competition 55 and season 282
2025-10-01 11:18:56,339 - src.extract.statsbomb_data - INFO - Found 75 competitions
2025-10-01 11:18:56,345 - src.extract.statsbomb_data - INFO - Euro:     competition_id  season_id country_name competition_name  \
68              55        282       Europe        UEFA Euro   

   competition_gender  competition_youth  competition_international  \
68               male              False                       True   

   season_name               match_updated           match_updated_360  \
68        2024  2024-09-28T16:51:20.698794  2025-03-24T14:12:30.785094   

           match_available_360             match_available  
68  2025-03-24T14:12:30.785094  2024-09-28T16:51:20.698794  
2025-10-01 11:18:56,345 - src.extract.statsbomb_data - INFO - Euro country name: Europe
2025-10-01 11:18:56,346 - src.extract.statsbomb_data - INFO - Euro competition name: UEFA Euro
2025-10-01 11:18:56,347 - src.extract.statsbomb_data - INFO - Euro season name: 2024
2025-10-01 11:18:56,348 - src.extract.statsbomb_data - INFO - Euro competition gender: male
2025-10-01 11:19:05,560 - src.extract.statsbomb_data - INFO - Found 187858 events from competition_events function
2025-10-01 11:19:05,561 - src.extract.statsbomb_data - INFO - Fetching StatsBomb event data for competition 55 and season 282
2025-10-01 11:19:23,524 - src.extract.statsbomb_data - INFO - Found 187858 events from events function
2025-10-01 11:22:58,537 - src.extract.statsbomb_data - INFO - Fetching StatsBomb event data for Europe - UEFA Euro - 2024 - male
2025-10-01 11:23:08,865 - src.extract.statsbomb_data - INFO - Found 187858 events!
2025-10-01 12:05:25,138 - src.config.logging_config - INFO - Events columns: Index(['50_50', 'bad_behaviour_card', 'ball_receipt_outcome',
       'ball_recovery_offensive', 'ball_recovery_recovery_failure',
       'block_deflection', 'block_offensive', 'block_save_block',
       'carry_end_location', 'clearance_aerial_won',
       ...
       'substitution_outcome', 'substitution_outcome_id',
       'substitution_replacement', 'substitution_replacement_id', 'tactics',
       'team', 'team_id', 'timestamp', 'type', 'under_pressure'],
      dtype='object', length=114)
